/shares/feldmann.ics.mnf.uzh/Yuqi/conda/envs/flower/lib/python3.10/site-packages/lightning_fabric/__init__.py:36: UserWarning: pkg_resources is deprecated as an API. See https://setuptools.pypa.io/en/latest/pkg_resources.html. The pkg_resources package is slated for removal as early as 2025-11-30. Refrain from using this package or pin to Setuptools<81.
  __import__("pkg_resources").declare_namespace(__name__)
[overfit] config: configs/train/overfit_flower.yaml
[overfit] experiment: overfit_flower
[overfit] output_dir: checkpoints/overfit_flower/20260511-225024
Fetching 138 files:   0%|          | 0/138 [00:00<?, ?it/s]Fetching 138 files: 100%|██████████| 138/138 [00:00<00:00, 5555.21it/s]
The new embeddings will be initialized from a multivariate normal distribution that has old embeddings' mean and covariance. As described in this article: https://nlp.stanford.edu/~johnhew/vocab-expansion.html. To disable this, use `mean_resizing=False`
[overfit] dataset: FlowerSO101Dataset(repo_id='ethrl2026/so101_pickup_20260509_185350_task3', frames=416, episodes=1, chunk=50, video_key='observation.images.main', resize_hw=224)
Loading Florence-2 from microsoft/Florence-2-base
[overfit] trainable params: 76,678,437
[overfit] step=   0/200  loss=1.2005  avg=1.2005  lr=1.00e-05  1.85 steps/s
[overfit] step=  10/200  loss=0.9594  avg=1.0866  lr=6.00e-05  4.38 steps/s
[overfit] step=  20/200  loss=0.6065  avg=0.9231  lr=1.00e-04  5.14 steps/s
[overfit] step=  30/200  loss=0.4433  avg=0.6339  lr=9.92e-05  5.26 steps/s
[overfit] step=  40/200  loss=0.6352  avg=0.4885  lr=9.70e-05  5.47 steps/s
[overfit] step=  50/200  loss=0.2628  avg=0.4613  lr=9.36e-05  5.69 steps/s
[overfit] step=  60/200  loss=0.1968  avg=0.3639  lr=8.90e-05  5.83 steps/s
[overfit] step=  70/200  loss=0.2006  avg=0.2783  lr=8.33e-05  5.96 steps/s
[overfit] step=  80/200  loss=0.1591  avg=0.2613  lr=7.68e-05  6.05 steps/s
[overfit] step=  90/200  loss=0.1996  avg=0.2350  lr=6.97e-05  6.08 steps/s
[overfit] step= 100/200  loss=0.1760  avg=0.2457  lr=6.20e-05  6.13 steps/s
[overfit] step= 110/200  loss=0.2550  avg=0.2349  lr=5.42e-05  6.21 steps/s
[overfit] step= 120/200  loss=0.2771  avg=0.1977  lr=4.64e-05  6.20 steps/s
[overfit] step= 130/200  loss=0.1673  avg=0.2003  lr=3.89e-05  6.24 steps/s
[overfit] step= 140/200  loss=0.2558  avg=0.2120  lr=3.18e-05  6.23 steps/s
[overfit] step= 150/200  loss=0.1790  avg=0.2091  lr=2.55e-05  6.24 steps/s
[overfit] step= 160/200  loss=0.1643  avg=0.1821  lr=2.00e-05  6.27 steps/s
[overfit] step= 170/200  loss=0.1241  avg=0.1680  lr=1.56e-05  6.30 steps/s
[overfit] step= 180/200  loss=0.1780  avg=0.1650  lr=1.25e-05  6.30 steps/s
[overfit] step= 190/200  loss=0.1151  avg=0.1477  lr=1.06e-05  6.27 steps/s
[overfit] saved checkpoint -> checkpoints/overfit_flower/20260511-225024/final
[overfit] initial_loss=1.2004717588424683
[overfit] final_avg_loss=0.1523
[overfit] pass_criteria: initial>=0.5 final<=0.5
[overfit] PASS
